TN:
SF:src\app.js
FN:12,(anonymous_0)
FN:27,getGroceryList
FN:32,setItemStatus
FN:57,addItem
FN:67,updateItem
FN:87,deleteItem
FN:102,(anonymous_6)
FN:113,(anonymous_7)
FN:116,(anonymous_8)
FN:134,(anonymous_9)
FN:137,(anonymous_10)
FN:155,(anonymous_11)
FN:158,(anonymous_12)
FNF:13
FNH:6
FNDA:1,(anonymous_0)
FNDA:4,getGroceryList
FNDA:3,setItemStatus
FNDA:3,addItem
FNDA:3,updateItem
FNDA:3,deleteItem
FNDA:0,(anonymous_6)
FNDA:0,(anonymous_7)
FNDA:0,(anonymous_8)
FNDA:0,(anonymous_9)
FNDA:0,(anonymous_10)
FNDA:0,(anonymous_11)
FNDA:0,(anonymous_12)
DA:1,1
DA:2,1
DA:3,1
DA:4,1
DA:5,1
DA:8,1
DA:13,1
DA:24,1
DA:28,4
DA:33,3
DA:34,3
DA:35,3
DA:38,3
DA:39,1
DA:42,2
DA:43,2
DA:44,1
DA:47,2
DA:48,1
DA:50,1
DA:53,3
DA:58,3
DA:59,1
DA:60,1
DA:62,2
DA:68,3
DA:69,1
DA:70,1
DA:71,1
DA:72,0
DA:73,1
DA:74,0
DA:75,1
DA:76,1
DA:78,1
DA:82,2
DA:88,3
DA:89,1
DA:90,1
DA:91,1
DA:92,1
DA:93,1
DA:97,2
DA:102,1
DA:105,0
DA:106,0
DA:107,0
DA:108,0
DA:111,0
DA:112,0
DA:113,0
DA:114,0
DA:116,0
DA:117,0
DA:118,0
DA:120,0
DA:121,0
DA:122,0
DA:123,0
DA:125,0
DA:126,0
DA:127,0
DA:132,0
DA:133,0
DA:134,0
DA:135,0
DA:137,0
DA:138,0
DA:139,0
DA:141,0
DA:142,0
DA:143,0
DA:144,0
DA:146,0
DA:147,0
DA:148,0
DA:153,0
DA:154,0
DA:155,0
DA:156,0
DA:158,0
DA:159,0
DA:160,0
DA:162,0
DA:163,0
DA:164,0
DA:166,0
DA:167,0
DA:168,0
DA:173,0
DA:174,0
LF:91
LH:42
BRDA:38,0,0,1
BRDA:38,0,1,2
BRDA:43,1,0,1
BRDA:43,1,1,1
BRDA:47,2,0,1
BRDA:47,2,1,1
BRDA:58,3,0,1
BRDA:58,3,1,2
BRDA:58,4,0,3
BRDA:58,4,1,2
BRDA:68,5,0,1
BRDA:68,5,1,2
BRDA:70,6,0,1
BRDA:70,6,1,0
BRDA:71,7,0,0
BRDA:71,7,1,1
BRDA:73,8,0,0
BRDA:73,8,1,1
BRDA:75,9,0,1
BRDA:75,9,1,0
BRDA:88,10,0,1
BRDA:88,10,1,2
BRDA:90,11,0,1
BRDA:90,11,1,0
BRDA:105,12,0,0
BRDA:105,12,1,0
BRDA:105,13,0,0
BRDA:105,13,1,0
BRDA:111,14,0,0
BRDA:111,14,1,0
BRDA:111,15,0,0
BRDA:111,15,1,0
BRDA:120,16,0,0
BRDA:120,16,1,0
BRDA:132,17,0,0
BRDA:132,17,1,0
BRDA:132,18,0,0
BRDA:132,18,1,0
BRDA:141,19,0,0
BRDA:141,19,1,0
BRDA:153,20,0,0
BRDA:153,20,1,0
BRDA:153,21,0,0
BRDA:153,21,1,0
BRDA:162,22,0,0
BRDA:162,22,1,0
BRF:46
BRH:19
end_of_record
